#
# A fatal error has been detected by the Java Runtime Environment:
#
#  EXCEPTION_ACCESS_VIOLATION (0xc0000005) at pc=0x0000000069249b90, pid=26616, tid=26032
#
# JRE version: Java(TM) SE Runtime Environment (7.0_71-b14) (build 1.7.0_71-b14)
# Java VM: Java HotSpot(TM) 64-Bit Server VM (24.71-b01 mixed mode windows-amd64 compressed oops)
# Problematic frame:
# C  [atio6axx.dll+0x379b90]
#
# Failed to write core dump. Minidumps are not enabled by default on client versions of Windows
#
# If you would like to submit a bug report, please visit:
#   http://bugreport.sun.com/bugreport/crash.jsp
# The crash happened outside the Java Virtual Machine in native code.
# See problematic frame for where to report the bug.
#

---------------  T H R E A D  ---------------

Current thread (0x000000000205d800):  JavaThread "main" [_thread_in_native, id=26032, stack(0x00000000022b0000,0x00000000023b0000)]

siginfo: ExceptionCode=0xc0000005, reading address 0x0000000000000000

Registers:
RAX=0x000000000a1a0020, RBX=0x0000000000000000, RCX=0x0000000000000000, RDX=0x0000000000000000
RSP=0x00000000023aec90, RBP=0x0000000000000003, RSI=0x0000000000000002, RDI=0x0000000000000002
R8 =0x000000000a1a0029, R9 =0x00000000023aecd0, R10=0x000000000a1a0030, R11=0x000000000a1a0020
R12=0x0000000000000003, R13=0x000000006a8ee698, R14=0x0000000000000000, R15=0x000000006a8cc000
RIP=0x0000000069249b90, EFLAGS=0x0000000000010293

Top of Stack: (sp=0x00000000023aec90)
0x00000000023aec90:   0000000000000000 0000000069adb127
0x00000000023aeca0:   0000000000000000 000000000c5d2478
0x00000000023aecb0:   0000000000000020 00000000023aeda0
0x00000000023aecc0:   0000000000000004 0000000069c845d4
0x00000000023aecd0:   0000000000000000 0000001000000010
0x00000000023aece0:   0000000000000000 0000001000000010
0x00000000023aecf0:   00000000003e913c 0000000000000000
0x00000000023aed00:   000000000000000f 000000ff0000ffff
0x00000000023aed10:   00000000003e9174 0000000000000000
0x00000000023aed20:   0000ffff00000000 ffffffff0000ffff
0x00000000023aed30:   0000000100000001 0000000100000001
0x00000000023aed40:   0000000100000001 0000000000000000
0x00000000023aed50:   000000000000000f 000000ff0000ffff
0x00000000023aed60:   0000000000000000 0000000000000000
0x00000000023aed70:   00000000003e9158 0000000080000000
0x00000000023aed80:   007e4805fee7ffef 000000000b176198 

Instructions: (pc=0x0000000069249b90)
0x0000000069249b70:   45 8b 51 0c 49 8b 19 4c 03 d0 48 8b d3 4d 8d 42
0x0000000069249b80:   f9 49 3b c0 73 1e 66 66 0f 1f 84 00 00 00 00 00
0x0000000069249b90:   48 8b 0a 48 83 c0 08 48 83 c2 08 48 89 48 f8 49
0x0000000069249ba0:   3b c0 72 ec 4d 8d 42 fd 49 3b c0 73 12 48 2b d0 


Register to memory mapping:

RAX=0x000000000a1a0020 is an unknown value
RBX=0x0000000000000000 is an unknown value
RCX=0x0000000000000000 is an unknown value
RDX=0x0000000000000000 is an unknown value
RSP=0x00000000023aec90 is pointing into the stack for thread: 0x000000000205d800
RBP=0x0000000000000003 is an unknown value
RSI=0x0000000000000002 is an unknown value
RDI=0x0000000000000002 is an unknown value
R8 =0x000000000a1a0029 is an unknown value
R9 =0x00000000023aecd0 is pointing into the stack for thread: 0x000000000205d800
R10=0x000000000a1a0030 is an unknown value
R11=0x000000000a1a0020 is an unknown value
R12=0x0000000000000003 is an unknown value
R13=0x000000006a8ee698 is an unknown value
R14=0x0000000000000000 is an unknown value
R15=0x000000006a8cc000 is an unknown value


Stack: [0x00000000022b0000,0x00000000023b0000],  sp=0x00000000023aec90,  free space=1019k
Native frames: (J=compiled Java code, j=interpreted, Vv=VM code, C=native code)
C  [atio6axx.dll+0x379b90]

Java frames: (J=compiled Java code, j=interpreted, Vv=VM code)
j  org.lwjgl.opengl.GL11.nglDrawArrays(IIIJ)V+0
j  org.lwjgl.opengl.GL11.glDrawArrays(III)V+20
j  com.codingforcookies.mayaui.src.ui.base.MVBO.render()V+55
j  com.codingforcookies.mayaui.src.ui.window.MWindowBase.renderVBO()V+24
j  com.codingforcookies.mayaui.src.ui.window.MWindow.render()V+18
j  com.codingforcookies.mayaui.src.ui.base.MayaRender.startRender()V+4
j  com.codingforcookies.mayaui.src.ui.UIManager.doRenderUI()V+54
j  Test.render()V+66
j  Test.<init>()V+182
j  Test.main([Ljava/lang/String;)V+32
v  ~StubRoutines::call_stub

---------------  P R O C E S S  ---------------

Java Threads: ( => current thread )
  0x0000000009a20000 JavaThread "Thread-1" [_thread_blocked, id=25988, stack(0x000000000ec70000,0x000000000ed70000)]
  0x00000000098b7800 JavaThread "Java2D Disposer" daemon [_thread_blocked, id=26212, stack(0x000000000dad0000,0x000000000dbd0000)]
  0x00000000081d0000 JavaThread "Service Thread" daemon [_thread_blocked, id=26020, stack(0x00000000094b0000,0x00000000095b0000)]
  0x00000000081cd000 JavaThread "C2 CompilerThread1" daemon [_thread_blocked, id=25624, stack(0x0000000009270000,0x0000000009370000)]
  0x00000000081be800 JavaThread "C2 CompilerThread0" daemon [_thread_blocked, id=26036, stack(0x0000000009060000,0x0000000009160000)]
  0x00000000081bd000 JavaThread "Attach Listener" daemon [_thread_blocked, id=22648, stack(0x0000000008c00000,0x0000000008d00000)]
  0x00000000081bb800 JavaThread "Signal Dispatcher" daemon [_thread_blocked, id=26160, stack(0x0000000008ef0000,0x0000000008ff0000)]
  0x000000000816c000 JavaThread "Finalizer" daemon [_thread_blocked, id=8632, stack(0x00000000089c0000,0x0000000008ac0000)]
  0x000000000215d000 JavaThread "Reference Handler" daemon [_thread_blocked, id=22872, stack(0x0000000008d80000,0x0000000008e80000)]
=>0x000000000205d800 JavaThread "main" [_thread_in_native, id=26032, stack(0x00000000022b0000,0x00000000023b0000)]

Other Threads:
  0x0000000008163000 VMThread [stack: 0x0000000008ac0000,0x0000000008bc0000] [id=22580]
  0x00000000081da000 WatcherThread [stack: 0x00000000096f0000,0x00000000097f0000] [id=22152]

VM state:not at safepoint (normal execution)

VM Mutex/Monitor currently owned by a thread: None

Heap
 PSYoungGen      total 18944K, used 6387K [0x00000000eb500000, 0x00000000eca00000, 0x0000000100000000)
  eden space 16384K, 38% used [0x00000000eb500000,0x00000000ebb3cf20,0x00000000ec500000)
  from space 2560K, 0% used [0x00000000ec780000,0x00000000ec780000,0x00000000eca00000)
  to   space 2560K, 0% used [0x00000000ec500000,0x00000000ec500000,0x00000000ec780000)
 ParOldGen       total 41984K, used 0K [0x00000000c2000000, 0x00000000c4900000, 0x00000000eb500000)
  object space 41984K, 0% used [0x00000000c2000000,0x00000000c2000000,0x00000000c4900000)
 PSPermGen       total 21504K, used 6943K [0x00000000bce00000, 0x00000000be300000, 0x00000000c2000000)
  object space 21504K, 32% used [0x00000000bce00000,0x00000000bd4c7e80,0x00000000be300000)

Card table byte_map: [0x0000000005470000,0x0000000005690000] byte_map_base: 0x0000000004e89000

Polling page: 0x0000000000330000

Code Cache  [0x00000000023b0000, 0x0000000002620000, 0x00000000053b0000)
 total_blobs=447 nmethods=33 adapters=368 free_code_cache=48591Kb largest_free_block=49739712

Compilation events (10 events):
Event: 0.502 Thread 0x00000000081cd000   29             java.awt.image.DirectColorModel::getBlue (45 bytes)
Event: 0.504 Thread 0x00000000081cd000 nmethod 29 0x00000000024354d0 code [0x0000000002435680, 0x0000000002435918]
Event: 0.504 Thread 0x00000000081cd000   30 %           java.awt.image.BufferedImage::getRGB @ 173 (231 bytes)
Event: 0.508 Thread 0x00000000081cd000 nmethod 30% 0x000000000243d1d0 code [0x000000000243d340, 0x000000000243d828]
Event: 0.508 Thread 0x00000000081cd000   31             java.awt.image.Raster::getWidth (5 bytes)
Event: 0.508 Thread 0x00000000081cd000 nmethod 31 0x000000000243a390 code [0x000000000243a4c0, 0x000000000243a518]
Event: 0.508 Thread 0x00000000081cd000   32             java.awt.image.BufferedImage::getWidth (8 bytes)
Event: 0.509 Thread 0x00000000081cd000 nmethod 32 0x000000000243a0d0 code [0x000000000243a200, 0x000000000243a258]
Event: 0.509 Thread 0x00000000081cd000   33 %           com.codingforcookies.mayaui.src.texture.MayaTextureLoader::loadTexture @ 59 (241 bytes)
Event: 0.526 Thread 0x00000000081cd000 nmethod 33% 0x000000000243f510 code [0x000000000243f700, 0x0000000002440220]

GC Heap History (0 events):
No events

Deoptimization events (0 events):
No events

Internal exceptions (10 events):
Event: 0.517 Thread 0x000000000205d800 Threw 0x00000000ebaf5bc0 at C:\re\jdk7u71\1605\hotspot\src\share\vm\prims\jvm.cpp:1281
Event: 0.519 Thread 0x000000000205d800 Threw 0x00000000ebb00a50 at C:\re\jdk7u71\1605\hotspot\src\share\vm\prims\jvm.cpp:1281
Event: 0.520 Thread 0x000000000205d800 Threw 0x00000000ebb03288 at C:\re\jdk7u71\1605\hotspot\src\share\vm\prims\jvm.cpp:1281
Event: 0.520 Thread 0x000000000205d800 Threw 0x00000000ebb05400 at C:\re\jdk7u71\1605\hotspot\src\share\vm\prims\jvm.cpp:1281
Event: 0.520 Thread 0x000000000205d800 Threw 0x00000000ebb078c0 at C:\re\jdk7u71\1605\hotspot\src\share\vm\prims\jvm.cpp:1281
Event: 0.521 Thread 0x000000000205d800 Threw 0x00000000ebb0aeb8 at C:\re\jdk7u71\1605\hotspot\src\share\vm\prims\jvm.cpp:1281
Event: 0.521 Thread 0x000000000205d800 Threw 0x00000000ebb0cde8 at C:\re\jdk7u71\1605\hotspot\src\share\vm\prims\jvm.cpp:1281
Event: 0.522 Thread 0x000000000205d800 Threw 0x00000000ebb0fc48 at C:\re\jdk7u71\1605\hotspot\src\share\vm\prims\jvm.cpp:1281
Event: 0.522 Thread 0x000000000205d800 Threw 0x00000000ebb11fb8 at C:\re\jdk7u71\1605\hotspot\src\share\vm\prims\jvm.cpp:1281
Event: 0.523 Thread 0x000000000205d800 Threw 0x00000000ebb138a0 at C:\re\jdk7u71\1605\hotspot\src\share\vm\prims\jvm.cpp:1281

Events (10 events):
Event: 0.530 loading class 0x000000000986f5c0
Event: 0.530 loading class 0x000000000986f5c0 done
Event: 0.530 loading class 0x00000000098166f0
Event: 0.530 loading class 0x000000000986df00
Event: 0.530 loading class 0x000000000986df00 done
Event: 0.530 loading class 0x00000000098166f0 done
Event: 0.530 loading class 0x000000000986df60
Event: 0.531 loading class 0x000000000986ded0
Event: 0.531 loading class 0x000000000986ded0 done
Event: 0.531 loading class 0x000000000986df60 done


Dynamic libraries:
0x000000013f9f0000 - 0x000000013fa23000 	C:\Program Files\Java\jre7\bin\javaw.exe
0x0000000077430000 - 0x00000000775d9000 	C:\Windows\SYSTEM32\ntdll.dll
0x0000000077310000 - 0x000000007742f000 	C:\Windows\system32\kernel32.dll
0x000007fefd470000 - 0x000007fefd4dc000 	C:\Windows\system32\KERNELBASE.dll
0x000007fefe960000 - 0x000007fefea3b000 	C:\Windows\system32\ADVAPI32.dll
0x000007fefe500000 - 0x000007fefe59f000 	C:\Windows\system32\msvcrt.dll
0x000007feff400000 - 0x000007feff41f000 	C:\Windows\SYSTEM32\sechost.dll
0x000007feff550000 - 0x000007feff67d000 	C:\Windows\system32\RPCRT4.dll
0x0000000077210000 - 0x000000007730a000 	C:\Windows\system32\USER32.dll
0x000007fefd700000 - 0x000007fefd767000 	C:\Windows\system32\GDI32.dll
0x000007feff1a0000 - 0x000007feff1ae000 	C:\Windows\system32\LPK.dll
0x000007fefedb0000 - 0x000007fefee79000 	C:\Windows\system32\USP10.dll
0x000007fefba00000 - 0x000007fefbbf4000 	C:\Windows\WinSxS\amd64_microsoft.windows.common-controls_6595b64144ccf1df_6.0.7601.17514_none_fa396087175ac9ac\COMCTL32.dll
0x000007fefd680000 - 0x000007fefd6f1000 	C:\Windows\system32\SHLWAPI.dll
0x000007fefd650000 - 0x000007fefd67e000 	C:\Windows\system32\IMM32.DLL
0x000007fefee80000 - 0x000007fefef89000 	C:\Windows\system32\MSCTF.dll
0x000000006e580000 - 0x000000006e652000 	C:\Program Files\Java\jre7\bin\msvcr100.dll
0x0000000057b10000 - 0x00000000582e3000 	C:\Program Files\Java\jre7\bin\server\jvm.dll
0x000007feebce0000 - 0x000007feebce9000 	C:\Windows\system32\WSOCK32.dll
0x000007feff420000 - 0x000007feff46d000 	C:\Windows\system32\WS2_32.dll
0x000007fefe5a0000 - 0x000007fefe5a8000 	C:\Windows\system32\NSI.dll
0x000007fef93a0000 - 0x000007fef93db000 	C:\Windows\system32\WINMM.dll
0x00000000775f0000 - 0x00000000775f7000 	C:\Windows\system32\PSAPI.DLL
0x0000000073f40000 - 0x0000000073f4f000 	C:\Program Files\Java\jre7\bin\verify.dll
0x000000006e790000 - 0x000000006e7b8000 	C:\Program Files\Java\jre7\bin\java.dll
0x000000006e7d0000 - 0x000000006e7e5000 	C:\Program Files\Java\jre7\bin\zip.dll
0x0000000180000000 - 0x0000000180053000 	E:\Git\Maya Client\Maya-UI\libs\natives\windows\lwjgl64.dll
0x000007fedc850000 - 0x000007fedc96d000 	C:\Windows\system32\OPENGL32.dll
0x000007fee7bc0000 - 0x000007fee7bed000 	C:\Windows\system32\GLU32.dll
0x000007fedc750000 - 0x000007fedc841000 	C:\Windows\system32\DDRAW.dll
0x000007fef5020000 - 0x000007fef5028000 	C:\Windows\system32\DCIMAN32.dll
0x000007fefea40000 - 0x000007fefec17000 	C:\Windows\system32\SETUPAPI.dll
0x000007fefd210000 - 0x000007fefd246000 	C:\Windows\system32\CFGMGR32.dll
0x000007feff470000 - 0x000007feff547000 	C:\Windows\system32\OLEAUT32.dll
0x000007fefef90000 - 0x000007feff193000 	C:\Windows\system32\ole32.dll
0x000007fefd580000 - 0x000007fefd59a000 	C:\Windows\system32\DEVOBJ.dll
0x000007fefb3b0000 - 0x000007fefb3c8000 	C:\Windows\system32\dwmapi.dll
0x000007fefc2e0000 - 0x000007fefc2ec000 	C:\Windows\system32\VERSION.dll
0x000007fefb820000 - 0x000007fefb876000 	C:\Windows\system32\uxtheme.dll
0x000007fefd090000 - 0x000007fefd09f000 	C:\Windows\system32\CRYPTBASE.dll
0x000007fef4cc0000 - 0x000007fef4cd8000 	C:\Windows\system32\atig6pxx.dll
0x0000000068ed0000 - 0x000000006aa7e000 	C:\Windows\system32\atio6axx.dll
0x000007fef6f60000 - 0x000007fef7098000 	C:\Windows\system32\atiadlxx.dll
0x000007fefd770000 - 0x000007fefe4f8000 	C:\Windows\system32\SHELL32.dll
0x000007fefb880000 - 0x000007fefb9ac000 	C:\Windows\system32\PROPSYS.dll
0x000007fefd450000 - 0x000007fefd46e000 	C:\Windows\system32\USERENV.dll
0x000007fefd1f0000 - 0x000007fefd1ff000 	C:\Windows\system32\profapi.dll
0x000007fefc2c0000 - 0x000007fefc2d1000 	C:\Windows\system32\WTSAPI32.dll
0x000007fefabe0000 - 0x000007fefac07000 	C:\Windows\system32\IPHLPAPI.DLL
0x000007fefabd0000 - 0x000007fefabdb000 	C:\Windows\system32\WINNSI.DLL
0x000007fefd250000 - 0x000007fefd28a000 	C:\Windows\system32\WINTRUST.dll
0x000007fefd2d0000 - 0x000007fefd43c000 	C:\Windows\system32\CRYPT32.dll
0x000007fefd200000 - 0x000007fefd20f000 	C:\Windows\system32\MSASN1.dll
0x000007fee79f0000 - 0x000007fee7a19000 	C:\Windows\system32\atig6txx.dll
0x000007fee4550000 - 0x000007fee45ec000 	C:\Windows\system32\mscms.dll
0x000007fee44b0000 - 0x000007fee44f2000 	C:\Windows\system32\icm32.dll
0x0000000058940000 - 0x0000000058ad5000 	C:\Program Files\Java\jre7\bin\awt.dll
0x000007fee2420000 - 0x000007fee2545000 	C:\Windows\system32\dbghelp.dll

VM Arguments:
jvm_args: -Djava.library.path=E:\Git\Maya Client\Maya-UI\libs\natives\windows -Dfile.encoding=UTF-8 
java_command: Test
Launcher Type: SUN_STANDARD

Environment Variables:
PATH=E:\Python\Python34\;E:\Python\Python34\Scripts;C:\Windows\system32;C:\Windows;C:\Windows\System32\Wbem;C:\Windows\System32\WindowsPowerShell\v1.0\;C:\Program Files (x86)\AMD\ATI.ACE\Core-Static;C:\Program Files (x86)\Calibre2\;C:\Program Files\Microsoft SQL Server\110\Tools\Binn\;C:\Program Files\Microsoft SQL Server\120\Tools\Binn\;E:\NodeJs\;C:\Program Files (x86)\Skype\Phone\;C:\Windows\system32\config\systemprofile\.dnx\bin;C:\Program Files\Microsoft DNX\Dnvm\;C:\Program Files (x86)\Windows Kits\10\Windows Performance Toolkit\;c:\Users\Stumblinbear\AppData\Local\atom\bin;C:\Users\Stumblinbear\AppData\Local\atom\bin;C:\Users\Stumblinbear\AppData\Roaming\npm
USERNAME=Stumblinbear
OS=Windows_NT
PROCESSOR_IDENTIFIER=Intel64 Family 6 Model 23 Stepping 10, GenuineIntel



---------------  S Y S T E M  ---------------

OS: Windows 7 , 64 bit Build 7601 Service Pack 1

CPU:total 2 (2 cores per cpu, 1 threads per core) family 6 model 23 stepping 10, cmov, cx8, fxsr, mmx, sse, sse2, sse3, ssse3, sse4.1, tsc

Memory: 4k page, physical 4060784k(1019332k free), swap 8119704k(3401268k free)

vm_info: Java HotSpot(TM) 64-Bit Server VM (24.71-b01) for windows-amd64 JRE (1.7.0_71-b14), built on Sep 26 2014 16:16:12 by "java_re" with unknown MS VC++:1600

time: Sat May 23 18:06:28 2015
elapsed time: 0 seconds

