#
# A fatal error has been detected by the Java Runtime Environment:
#
#  EXCEPTION_ACCESS_VIOLATION (0xc0000005) at pc=0x0000000068b39b90, pid=8632, tid=25688
#
# JRE version: Java(TM) SE Runtime Environment (7.0_71-b14) (build 1.7.0_71-b14)
# Java VM: Java HotSpot(TM) 64-Bit Server VM (24.71-b01 mixed mode windows-amd64 compressed oops)
# Problematic frame:
# C  [atio6axx.dll+0x379b90]
#
# Failed to write core dump. Minidumps are not enabled by default on client versions of Windows
#
# If you would like to submit a bug report, please visit:
#   http://bugreport.sun.com/bugreport/crash.jsp
# The crash happened outside the Java Virtual Machine in native code.
# See problematic frame for where to report the bug.
#

---------------  T H R E A D  ---------------

Current thread (0x00000000003bd800):  JavaThread "main" [_thread_in_native, id=25688, stack(0x0000000002300000,0x0000000002400000)]

siginfo: ExceptionCode=0xc0000005, reading address 0x0000000000000000

Registers:
RAX=0x000000000cd20020, RBX=0x0000000000000000, RCX=0x0000000000000000, RDX=0x0000000000000000
RSP=0x00000000023fea30, RBP=0x0000000000000003, RSI=0x0000000000000002, RDI=0x0000000000000002
R8 =0x000000000cd20029, R9 =0x00000000023fea70, R10=0x000000000cd20030, R11=0x000000000cd20020
R12=0x0000000000000003, R13=0x000000006a1de698, R14=0x0000000000000000, R15=0x000000006a1bc000
RIP=0x0000000068b39b90, EFLAGS=0x0000000000010293

Top of Stack: (sp=0x00000000023fea30)
0x00000000023fea30:   0000000000000000 00000000693cb127
0x00000000023fea40:   0000000000000000 000000000c522478
0x00000000023fea50:   0000000000000020 00000000023feb40
0x00000000023fea60:   0000000000000004 00000000695745d4
0x00000000023fea70:   0000000000000000 0000001000000010
0x00000000023fea80:   0000000000000000 0000001000000010
0x00000000023fea90:   00000000000d913c 0000000000000000
0x00000000023feaa0:   000000000000000f 000000ff0000ffff
0x00000000023feab0:   00000000000d9174 0000000000000000
0x00000000023feac0:   0000ffff00000000 ffffffff0000ffff
0x00000000023fead0:   0000000100000001 0000000100000001
0x00000000023feae0:   0000000100000001 0000000000000000
0x00000000023feaf0:   000000000000000f 000000ff0000ffff
0x00000000023feb00:   0000000000000000 0000000000000000
0x00000000023feb10:   00000000000d9158 0000000080000000
0x00000000023feb20:   007e4805fee7ffef 000000000b0c6198 

Instructions: (pc=0x0000000068b39b90)
0x0000000068b39b70:   45 8b 51 0c 49 8b 19 4c 03 d0 48 8b d3 4d 8d 42
0x0000000068b39b80:   f9 49 3b c0 73 1e 66 66 0f 1f 84 00 00 00 00 00
0x0000000068b39b90:   48 8b 0a 48 83 c0 08 48 83 c2 08 48 89 48 f8 49
0x0000000068b39ba0:   3b c0 72 ec 4d 8d 42 fd 49 3b c0 73 12 48 2b d0 


Register to memory mapping:

RAX=0x000000000cd20020 is an unknown value
RBX=0x0000000000000000 is an unknown value
RCX=0x0000000000000000 is an unknown value
RDX=0x0000000000000000 is an unknown value
RSP=0x00000000023fea30 is pointing into the stack for thread: 0x00000000003bd800
RBP=0x0000000000000003 is an unknown value
RSI=0x0000000000000002 is an unknown value
RDI=0x0000000000000002 is an unknown value
R8 =0x000000000cd20029 is an unknown value
R9 =0x00000000023fea70 is pointing into the stack for thread: 0x00000000003bd800
R10=0x000000000cd20030 is an unknown value
R11=0x000000000cd20020 is an unknown value
R12=0x0000000000000003 is an unknown value
R13=0x000000006a1de698 is an unknown value
R14=0x0000000000000000 is an unknown value
R15=0x000000006a1bc000 is an unknown value


Stack: [0x0000000002300000,0x0000000002400000],  sp=0x00000000023fea30,  free space=1018k
Native frames: (J=compiled Java code, j=interpreted, Vv=VM code, C=native code)
C  [atio6axx.dll+0x379b90]

Java frames: (J=compiled Java code, j=interpreted, Vv=VM code)
j  org.lwjgl.opengl.GL11.nglDrawArrays(IIIJ)V+0
j  org.lwjgl.opengl.GL11.glDrawArrays(III)V+20
j  com.codingforcookies.mayaui.src.ui.base.MVBO.render()V+55
j  com.codingforcookies.mayaui.src.ui.window.MWindowBase.renderVBO()V+24
j  com.codingforcookies.mayaui.src.ui.window.MWindow.render()V+18
j  com.codingforcookies.mayaui.src.ui.base.MayaRender.startRender()V+4
j  com.codingforcookies.mayaui.src.ui.UIManager.doRenderUI()V+54
j  Test.render()V+66
j  Test.<init>()V+182
j  Test.main([Ljava/lang/String;)V+32
v  ~StubRoutines::call_stub

---------------  P R O C E S S  ---------------

Java Threads: ( => current thread )
  0x00000000099b9800 JavaThread "Thread-1" [_thread_blocked, id=26156, stack(0x000000000eaf0000,0x000000000ebf0000)]
  0x0000000009895800 JavaThread "Java2D Disposer" daemon [_thread_blocked, id=26524, stack(0x000000000d950000,0x000000000da50000)]
  0x00000000080a0000 JavaThread "Service Thread" daemon [_thread_blocked, id=24424, stack(0x0000000008fa0000,0x00000000090a0000)]
  0x000000000809d000 JavaThread "C2 CompilerThread1" daemon [_thread_blocked, id=22696, stack(0x0000000009560000,0x0000000009660000)]
  0x000000000808e800 JavaThread "C2 CompilerThread0" daemon [_thread_blocked, id=19580, stack(0x00000000093b0000,0x00000000094b0000)]
  0x000000000808d000 JavaThread "Attach Listener" daemon [_thread_blocked, id=24788, stack(0x0000000009260000,0x0000000009360000)]
  0x000000000808b800 JavaThread "Signal Dispatcher" daemon [_thread_blocked, id=19544, stack(0x00000000090a0000,0x00000000091a0000)]
  0x000000000803c000 JavaThread "Finalizer" daemon [_thread_blocked, id=24052, stack(0x0000000008e00000,0x0000000008f00000)]
  0x000000000215d000 JavaThread "Reference Handler" daemon [_thread_blocked, id=26232, stack(0x0000000008be0000,0x0000000008ce0000)]
=>0x00000000003bd800 JavaThread "main" [_thread_in_native, id=25688, stack(0x0000000002300000,0x0000000002400000)]

Other Threads:
  0x0000000008032000 VMThread [stack: 0x0000000008a90000,0x0000000008b90000] [id=26488]
  0x00000000080aa000 WatcherThread [stack: 0x00000000096c0000,0x00000000097c0000] [id=26452]

VM state:not at safepoint (normal execution)

VM Mutex/Monitor currently owned by a thread: None

Heap
 PSYoungGen      total 18944K, used 6387K [0x00000000eb500000, 0x00000000eca00000, 0x0000000100000000)
  eden space 16384K, 38% used [0x00000000eb500000,0x00000000ebb3cf20,0x00000000ec500000)
  from space 2560K, 0% used [0x00000000ec780000,0x00000000ec780000,0x00000000eca00000)
  to   space 2560K, 0% used [0x00000000ec500000,0x00000000ec500000,0x00000000ec780000)
 ParOldGen       total 41984K, used 0K [0x00000000c2000000, 0x00000000c4900000, 0x00000000eb500000)
  object space 41984K, 0% used [0x00000000c2000000,0x00000000c2000000,0x00000000c4900000)
 PSPermGen       total 21504K, used 6943K [0x00000000bce00000, 0x00000000be300000, 0x00000000c2000000)
  object space 21504K, 32% used [0x00000000bce00000,0x00000000bd4c7e80,0x00000000be300000)

Card table byte_map: [0x0000000005400000,0x0000000005620000] byte_map_base: 0x0000000004e19000

Polling page: 0x00000000001b0000

Code Cache  [0x0000000002400000, 0x0000000002670000, 0x0000000005400000)
 total_blobs=447 nmethods=33 adapters=368 free_code_cache=48591Kb largest_free_block=49738880

Compilation events (10 events):
Event: 0.553 Thread 0x000000000809d000   29             java.awt.image.DirectColorModel::getBlue (45 bytes)
Event: 0.555 Thread 0x000000000809d000 nmethod 29 0x0000000002485810 code [0x00000000024859c0, 0x0000000002485c58]
Event: 0.555 Thread 0x000000000809d000   30 %           java.awt.image.BufferedImage::getRGB @ 173 (231 bytes)
Event: 0.559 Thread 0x000000000809d000 nmethod 30% 0x000000000248d510 code [0x000000000248d680, 0x000000000248db68]
Event: 0.559 Thread 0x000000000809d000   31             java.awt.image.Raster::getWidth (5 bytes)
Event: 0.559 Thread 0x000000000809d000 nmethod 31 0x000000000248a6d0 code [0x000000000248a800, 0x000000000248a858]
Event: 0.559 Thread 0x000000000809d000   32             java.awt.image.BufferedImage::getWidth (8 bytes)
Event: 0.560 Thread 0x000000000809d000 nmethod 32 0x000000000248a410 code [0x000000000248a540, 0x000000000248a598]
Event: 0.560 Thread 0x000000000809d000   33 %           com.codingforcookies.mayaui.src.texture.MayaTextureLoader::loadTexture @ 59 (241 bytes)
Event: 0.576 Thread 0x000000000809d000 nmethod 33% 0x000000000248f850 code [0x000000000248fa40, 0x0000000002490560]

GC Heap History (0 events):
No events

Deoptimization events (0 events):
No events

Internal exceptions (10 events):
Event: 0.569 Thread 0x00000000003bd800 Threw 0x00000000ebaf5cb8 at C:\re\jdk7u71\1605\hotspot\src\share\vm\prims\jvm.cpp:1281
Event: 0.571 Thread 0x00000000003bd800 Threw 0x00000000ebb00b48 at C:\re\jdk7u71\1605\hotspot\src\share\vm\prims\jvm.cpp:1281
Event: 0.572 Thread 0x00000000003bd800 Threw 0x00000000ebb03438 at C:\re\jdk7u71\1605\hotspot\src\share\vm\prims\jvm.cpp:1281
Event: 0.572 Thread 0x00000000003bd800 Threw 0x00000000ebb055b0 at C:\re\jdk7u71\1605\hotspot\src\share\vm\prims\jvm.cpp:1281
Event: 0.573 Thread 0x00000000003bd800 Threw 0x00000000ebb07a70 at C:\re\jdk7u71\1605\hotspot\src\share\vm\prims\jvm.cpp:1281
Event: 0.573 Thread 0x00000000003bd800 Threw 0x00000000ebb0b068 at C:\re\jdk7u71\1605\hotspot\src\share\vm\prims\jvm.cpp:1281
Event: 0.573 Thread 0x00000000003bd800 Threw 0x00000000ebb0cf98 at C:\re\jdk7u71\1605\hotspot\src\share\vm\prims\jvm.cpp:1281
Event: 0.574 Thread 0x00000000003bd800 Threw 0x00000000ebb0fdf8 at C:\re\jdk7u71\1605\hotspot\src\share\vm\prims\jvm.cpp:1281
Event: 0.575 Thread 0x00000000003bd800 Threw 0x00000000ebb12168 at C:\re\jdk7u71\1605\hotspot\src\share\vm\prims\jvm.cpp:1281
Event: 0.575 Thread 0x00000000003bd800 Threw 0x00000000ebb13a50 at C:\re\jdk7u71\1605\hotspot\src\share\vm\prims\jvm.cpp:1281

Events (10 events):
Event: 0.583 loading class 0x00000000098bc0b0
Event: 0.583 loading class 0x00000000098bc0b0 done
Event: 0.583 loading class 0x00000000099d87b0
Event: 0.583 loading class 0x00000000098ba9f0
Event: 0.583 loading class 0x00000000098ba9f0 done
Event: 0.583 loading class 0x00000000099d87b0 done
Event: 0.583 loading class 0x00000000098baa50
Event: 0.583 loading class 0x00000000098ba9c0
Event: 0.583 loading class 0x00000000098ba9c0 done
Event: 0.583 loading class 0x00000000098baa50 done


Dynamic libraries:
0x000000013f7e0000 - 0x000000013f813000 	C:\Program Files\Java\jre7\bin\javaw.exe
0x0000000077430000 - 0x00000000775d9000 	C:\Windows\SYSTEM32\ntdll.dll
0x0000000077310000 - 0x000000007742f000 	C:\Windows\system32\kernel32.dll
0x000007fefd470000 - 0x000007fefd4dc000 	C:\Windows\system32\KERNELBASE.dll
0x000007fefe960000 - 0x000007fefea3b000 	C:\Windows\system32\ADVAPI32.dll
0x000007fefe500000 - 0x000007fefe59f000 	C:\Windows\system32\msvcrt.dll
0x000007feff400000 - 0x000007feff41f000 	C:\Windows\SYSTEM32\sechost.dll
0x000007feff550000 - 0x000007feff67d000 	C:\Windows\system32\RPCRT4.dll
0x0000000077210000 - 0x000000007730a000 	C:\Windows\system32\USER32.dll
0x000007fefd700000 - 0x000007fefd767000 	C:\Windows\system32\GDI32.dll
0x000007feff1a0000 - 0x000007feff1ae000 	C:\Windows\system32\LPK.dll
0x000007fefedb0000 - 0x000007fefee79000 	C:\Windows\system32\USP10.dll
0x000007fefba00000 - 0x000007fefbbf4000 	C:\Windows\WinSxS\amd64_microsoft.windows.common-controls_6595b64144ccf1df_6.0.7601.17514_none_fa396087175ac9ac\COMCTL32.dll
0x000007fefd680000 - 0x000007fefd6f1000 	C:\Windows\system32\SHLWAPI.dll
0x000007fefd650000 - 0x000007fefd67e000 	C:\Windows\system32\IMM32.DLL
0x000007fefee80000 - 0x000007fefef89000 	C:\Windows\system32\MSCTF.dll
0x000000006e580000 - 0x000000006e652000 	C:\Program Files\Java\jre7\bin\msvcr100.dll
0x0000000057b10000 - 0x00000000582e3000 	C:\Program Files\Java\jre7\bin\server\jvm.dll
0x000007feebce0000 - 0x000007feebce9000 	C:\Windows\system32\WSOCK32.dll
0x000007feff420000 - 0x000007feff46d000 	C:\Windows\system32\WS2_32.dll
0x000007fefe5a0000 - 0x000007fefe5a8000 	C:\Windows\system32\NSI.dll
0x000007fef93a0000 - 0x000007fef93db000 	C:\Windows\system32\WINMM.dll
0x00000000775f0000 - 0x00000000775f7000 	C:\Windows\system32\PSAPI.DLL
0x0000000073f40000 - 0x0000000073f4f000 	C:\Program Files\Java\jre7\bin\verify.dll
0x000000006e790000 - 0x000000006e7b8000 	C:\Program Files\Java\jre7\bin\java.dll
0x000000006e7d0000 - 0x000000006e7e5000 	C:\Program Files\Java\jre7\bin\zip.dll
0x0000000180000000 - 0x0000000180053000 	E:\Git\Maya Client\Maya-UI\libs\natives\windows\lwjgl64.dll
0x000007fedc730000 - 0x000007fedc84d000 	C:\Windows\system32\OPENGL32.dll
0x000007feed380000 - 0x000007feed3ad000 	C:\Windows\system32\GLU32.dll
0x000007fedc870000 - 0x000007fedc961000 	C:\Windows\system32\DDRAW.dll
0x000007fef83c0000 - 0x000007fef83c8000 	C:\Windows\system32\DCIMAN32.dll
0x000007fefea40000 - 0x000007fefec17000 	C:\Windows\system32\SETUPAPI.dll
0x000007fefd210000 - 0x000007fefd246000 	C:\Windows\system32\CFGMGR32.dll
0x000007feff470000 - 0x000007feff547000 	C:\Windows\system32\OLEAUT32.dll
0x000007fefef90000 - 0x000007feff193000 	C:\Windows\system32\ole32.dll
0x000007fefd580000 - 0x000007fefd59a000 	C:\Windows\system32\DEVOBJ.dll
0x000007fefb3b0000 - 0x000007fefb3c8000 	C:\Windows\system32\dwmapi.dll
0x000007fefc2e0000 - 0x000007fefc2ec000 	C:\Windows\system32\VERSION.dll
0x000007fefb820000 - 0x000007fefb876000 	C:\Windows\system32\uxtheme.dll
0x000007fefd090000 - 0x000007fefd09f000 	C:\Windows\system32\CRYPTBASE.dll
0x000007fef4f30000 - 0x000007fef4f48000 	C:\Windows\system32\atig6pxx.dll
0x00000000687c0000 - 0x000000006a36e000 	C:\Windows\system32\atio6axx.dll
0x000007fef6f60000 - 0x000007fef7098000 	C:\Windows\system32\atiadlxx.dll
0x000007fefd770000 - 0x000007fefe4f8000 	C:\Windows\system32\SHELL32.dll
0x000007fefb880000 - 0x000007fefb9ac000 	C:\Windows\system32\PROPSYS.dll
0x000007fefd450000 - 0x000007fefd46e000 	C:\Windows\system32\USERENV.dll
0x000007fefd1f0000 - 0x000007fefd1ff000 	C:\Windows\system32\profapi.dll
0x000007fefc2c0000 - 0x000007fefc2d1000 	C:\Windows\system32\WTSAPI32.dll
0x000007fefabe0000 - 0x000007fefac07000 	C:\Windows\system32\IPHLPAPI.DLL
0x000007fefabd0000 - 0x000007fefabdb000 	C:\Windows\system32\WINNSI.DLL
0x000007fefd250000 - 0x000007fefd28a000 	C:\Windows\system32\WINTRUST.dll
0x000007fefd2d0000 - 0x000007fefd43c000 	C:\Windows\system32\CRYPT32.dll
0x000007fefd200000 - 0x000007fefd20f000 	C:\Windows\system32\MSASN1.dll
0x000007fee79f0000 - 0x000007fee7a19000 	C:\Windows\system32\atig6txx.dll
0x000007fee4550000 - 0x000007fee45ec000 	C:\Windows\system32\mscms.dll
0x000007fee44b0000 - 0x000007fee44f2000 	C:\Windows\system32\icm32.dll
0x0000000058ae0000 - 0x0000000058c75000 	C:\Program Files\Java\jre7\bin\awt.dll
0x000007fee2420000 - 0x000007fee2545000 	C:\Windows\system32\dbghelp.dll

VM Arguments:
jvm_args: -Djava.library.path=E:\Git\Maya Client\Maya-UI\libs\natives\windows -Dfile.encoding=UTF-8 
java_command: Test
Launcher Type: SUN_STANDARD

Environment Variables:
PATH=E:\Python\Python34\;E:\Python\Python34\Scripts;C:\Windows\system32;C:\Windows;C:\Windows\System32\Wbem;C:\Windows\System32\WindowsPowerShell\v1.0\;C:\Program Files (x86)\AMD\ATI.ACE\Core-Static;C:\Program Files (x86)\Calibre2\;C:\Program Files\Microsoft SQL Server\110\Tools\Binn\;C:\Program Files\Microsoft SQL Server\120\Tools\Binn\;E:\NodeJs\;C:\Program Files (x86)\Skype\Phone\;C:\Windows\system32\config\systemprofile\.dnx\bin;C:\Program Files\Microsoft DNX\Dnvm\;C:\Program Files (x86)\Windows Kits\10\Windows Performance Toolkit\;c:\Users\Stumblinbear\AppData\Local\atom\bin;C:\Users\Stumblinbear\AppData\Local\atom\bin;C:\Users\Stumblinbear\AppData\Roaming\npm
USERNAME=Stumblinbear
OS=Windows_NT
PROCESSOR_IDENTIFIER=Intel64 Family 6 Model 23 Stepping 10, GenuineIntel



---------------  S Y S T E M  ---------------

OS: Windows 7 , 64 bit Build 7601 Service Pack 1

CPU:total 2 (2 cores per cpu, 1 threads per core) family 6 model 23 stepping 10, cmov, cx8, fxsr, mmx, sse, sse2, sse3, ssse3, sse4.1, tsc

Memory: 4k page, physical 4060784k(1015972k free), swap 8119704k(3396980k free)

vm_info: Java HotSpot(TM) 64-Bit Server VM (24.71-b01) for windows-amd64 JRE (1.7.0_71-b14), built on Sep 26 2014 16:16:12 by "java_re" with unknown MS VC++:1600

time: Sat May 23 18:06:08 2015
elapsed time: 0 seconds

