#
# A fatal error has been detected by the Java Runtime Environment:
#
#  EXCEPTION_ACCESS_VIOLATION (0xc0000005) at pc=0x0000000068c198e0, pid=25788, tid=26144
#
# JRE version: Java(TM) SE Runtime Environment (7.0_71-b14) (build 1.7.0_71-b14)
# Java VM: Java HotSpot(TM) 64-Bit Server VM (24.71-b01 mixed mode windows-amd64 compressed oops)
# Problematic frame:
# C  [atio6axx.dll+0x3798e0]
#
# Failed to write core dump. Minidumps are not enabled by default on client versions of Windows
#
# If you would like to submit a bug report, please visit:
#   http://bugreport.sun.com/bugreport/crash.jsp
# The crash happened outside the Java Virtual Machine in native code.
# See problematic frame for where to report the bug.
#

---------------  T H R E A D  ---------------

Current thread (0x000000000007d800):  JavaThread "main" [_thread_in_native, id=26144, stack(0x0000000002250000,0x0000000002350000)]

siginfo: ExceptionCode=0xc0000005, reading address 0x0000000000000000

Registers:
RAX=0x0000000000000003, RBX=0x000000000e8e0020, RCX=0x000000000e8e0020, RDX=0x000000000e8e0050
RSP=0x000000000234e7c0, RBP=0x000000006a2be698, RSI=0x0000000000000030, RDI=0x000000006a29c6d4
R8 =0x000000000e8e0049, R9 =0x0000000000000000, R10=0x0000000000800001, R11=0x000000000234ed20
R12=0x0000000000000003, R13=0x000000006a2be698, R14=0x0000000000000000, R15=0x000000006a29c000
RIP=0x0000000068c198e0, EFLAGS=0x0000000000010297

Top of Stack: (sp=0x000000000234e7c0)
0x000000000234e7c0:   0000000000000000 00000000694ab127
0x000000000234e7d0:   0000000000000000 000000000c512478
0x000000000234e7e0:   0000000000000020 000000000234e8d0
0x000000000234e7f0:   3f80000000000000 00000000696545d4
0x000000000234e800:   0000000000000000 0000000000000000
0x000000000234e810:   0000000000000000 0000000000000000
0x000000000234e820:   000000000024913c 0000000000000000
0x000000000234e830:   000000000000000f 000000ff0000ffff
0x000000000234e840:   0000000000249174 0000000000000000
0x000000000234e850:   0000ffff00000000 ffffffff0000ffff
0x000000000234e860:   0000000100000001 0000000100000001
0x000000000234e870:   0000000100000001 0000000000000000
0x000000000234e880:   000000000000000f 000000ff0000ffff
0x000000000234e890:   0000000000000000 0000000000000000
0x000000000234e8a0:   0000000000249158 0000000080000000
0x000000000234e8b0:   007e4805fee7ffef 000000000b0bd6a8 

Instructions: (pc=0x0000000068c198e0)
0x0000000068c198c0:   8c 01 00 00 8b d6 48 03 d3 4c 8d 42 f9 49 3b d8
0x0000000068c198d0:   73 22 66 66 66 66 66 66 0f 1f 84 00 00 00 00 00
0x0000000068c198e0:   49 8b 01 48 83 c1 08 49 83 c1 08 48 89 41 f8 49
0x0000000068c198f0:   3b c8 72 ec 4c 8d 42 fd 49 3b c8 73 16 0f 1f 00 


Register to memory mapping:

RAX=0x0000000000000003 is an unknown value
RBX=0x000000000e8e0020 is an unknown value
RCX=0x000000000e8e0020 is an unknown value
RDX=0x000000000e8e0050 is an unknown value
RSP=0x000000000234e7c0 is pointing into the stack for thread: 0x000000000007d800
RBP=0x000000006a2be698 is an unknown value
RSI=0x0000000000000030 is an unknown value
RDI=0x000000006a29c6d4 is an unknown value
R8 =0x000000000e8e0049 is an unknown value
R9 =0x0000000000000000 is an unknown value
R10=0x0000000000800001 is an unknown value
R11=0x000000000234ed20 is pointing into the stack for thread: 0x000000000007d800
R12=0x0000000000000003 is an unknown value
R13=0x000000006a2be698 is an unknown value
R14=0x0000000000000000 is an unknown value
R15=0x000000006a29c000 is an unknown value


Stack: [0x0000000002250000,0x0000000002350000],  sp=0x000000000234e7c0,  free space=1017k
Native frames: (J=compiled Java code, j=interpreted, Vv=VM code, C=native code)
C  [atio6axx.dll+0x3798e0]

Java frames: (J=compiled Java code, j=interpreted, Vv=VM code)
j  org.lwjgl.opengl.GL11.nglDrawArrays(IIIJ)V+0
j  org.lwjgl.opengl.GL11.glDrawArrays(III)V+20
j  com.codingforcookies.mayaui.src.ui.base.MVBO.render()V+29
j  com.codingforcookies.mayaui.src.ui.window.MWindowBase.renderVBO()V+24
j  com.codingforcookies.mayaui.src.ui.window.MWindow.render()V+18
j  com.codingforcookies.mayaui.src.ui.base.MayaRender.startRender()V+4
j  com.codingforcookies.mayaui.src.ui.UIManager.doRenderUI()V+54
j  Test.render()V+66
j  Test.<init>()V+182
j  Test.main([Ljava/lang/String;)V+32
v  ~StubRoutines::call_stub

---------------  P R O C E S S  ---------------

Java Threads: ( => current thread )
  0x000000000cfb8800 JavaThread "Thread-1" [_thread_blocked, id=26556, stack(0x000000000eac0000,0x000000000ebc0000)]
  0x0000000009951800 JavaThread "Java2D Disposer" daemon [_thread_blocked, id=26340, stack(0x000000000cd40000,0x000000000ce40000)]
  0x000000000807d800 JavaThread "Service Thread" daemon [_thread_blocked, id=24424, stack(0x0000000009640000,0x0000000009740000)]
  0x000000000807a800 JavaThread "C2 CompilerThread1" daemon [_thread_blocked, id=26516, stack(0x00000000093e0000,0x00000000094e0000)]
  0x000000000805e800 JavaThread "C2 CompilerThread0" daemon [_thread_blocked, id=24636, stack(0x0000000008ea0000,0x0000000008fa0000)]
  0x000000000805d000 JavaThread "Attach Listener" daemon [_thread_blocked, id=22604, stack(0x00000000091c0000,0x00000000092c0000)]
  0x000000000805b800 JavaThread "Signal Dispatcher" daemon [_thread_blocked, id=23736, stack(0x0000000008fc0000,0x00000000090c0000)]
  0x0000000008006800 JavaThread "Finalizer" daemon [_thread_blocked, id=26332, stack(0x0000000008d70000,0x0000000008e70000)]
  0x000000000213d000 JavaThread "Reference Handler" daemon [_thread_blocked, id=25624, stack(0x0000000008b60000,0x0000000008c60000)]
=>0x000000000007d800 JavaThread "main" [_thread_in_native, id=26144, stack(0x0000000002250000,0x0000000002350000)]

Other Threads:
  0x0000000008002000 VMThread [stack: 0x0000000008990000,0x0000000008a90000] [id=24632]
  0x000000000808f000 WatcherThread [stack: 0x0000000009790000,0x0000000009890000] [id=26464]

VM state:not at safepoint (normal execution)

VM Mutex/Monitor currently owned by a thread: None

Heap
 PSYoungGen      total 18944K, used 6387K [0x00000000eb500000, 0x00000000eca00000, 0x0000000100000000)
  eden space 16384K, 38% used [0x00000000eb500000,0x00000000ebb3cf20,0x00000000ec500000)
  from space 2560K, 0% used [0x00000000ec780000,0x00000000ec780000,0x00000000eca00000)
  to   space 2560K, 0% used [0x00000000ec500000,0x00000000ec500000,0x00000000ec780000)
 ParOldGen       total 41984K, used 0K [0x00000000c2000000, 0x00000000c4900000, 0x00000000eb500000)
  object space 41984K, 0% used [0x00000000c2000000,0x00000000c2000000,0x00000000c4900000)
 PSPermGen       total 21504K, used 6943K [0x00000000bce00000, 0x00000000be300000, 0x00000000c2000000)
  object space 21504K, 32% used [0x00000000bce00000,0x00000000bd4c7d68,0x00000000be300000)

Card table byte_map: [0x0000000005410000,0x0000000005630000] byte_map_base: 0x0000000004e29000

Polling page: 0x00000000001d0000

Code Cache  [0x0000000002350000, 0x00000000025c0000, 0x0000000005350000)
 total_blobs=447 nmethods=33 adapters=368 free_code_cache=48591Kb largest_free_block=49739456

Compilation events (10 events):
Event: 0.507 Thread 0x000000000805e800   29             java.awt.image.DirectColorModel::getBlue (45 bytes)
Event: 0.509 Thread 0x000000000805e800 nmethod 29 0x00000000023d55d0 code [0x00000000023d5780, 0x00000000023d5a18]
Event: 0.509 Thread 0x000000000805e800   30 %           java.awt.image.BufferedImage::getRGB @ 173 (231 bytes)
Event: 0.513 Thread 0x000000000805e800 nmethod 30% 0x00000000023dd2d0 code [0x00000000023dd440, 0x00000000023dd928]
Event: 0.513 Thread 0x000000000805e800   31             java.awt.image.Raster::getWidth (5 bytes)
Event: 0.513 Thread 0x000000000805e800 nmethod 31 0x00000000023da490 code [0x00000000023da5c0, 0x00000000023da618]
Event: 0.513 Thread 0x000000000805e800   32             java.awt.image.BufferedImage::getWidth (8 bytes)
Event: 0.514 Thread 0x000000000805e800 nmethod 32 0x00000000023da1d0 code [0x00000000023da300, 0x00000000023da358]
Event: 0.514 Thread 0x000000000805e800   33 %           com.codingforcookies.mayaui.src.texture.MayaTextureLoader::loadTexture @ 59 (241 bytes)
Event: 0.530 Thread 0x000000000805e800 nmethod 33% 0x00000000023df610 code [0x00000000023df800, 0x00000000023e0320]

GC Heap History (0 events):
No events

Deoptimization events (0 events):
No events

Internal exceptions (10 events):
Event: 0.522 Thread 0x000000000007d800 Threw 0x00000000ebaf5a38 at C:\re\jdk7u71\1605\hotspot\src\share\vm\prims\jvm.cpp:1281
Event: 0.532 Thread 0x000000000007d800 Threw 0x00000000ebb008c8 at C:\re\jdk7u71\1605\hotspot\src\share\vm\prims\jvm.cpp:1281
Event: 0.533 Thread 0x000000000007d800 Threw 0x00000000ebb03048 at C:\re\jdk7u71\1605\hotspot\src\share\vm\prims\jvm.cpp:1281
Event: 0.533 Thread 0x000000000007d800 Threw 0x00000000ebb051c0 at C:\re\jdk7u71\1605\hotspot\src\share\vm\prims\jvm.cpp:1281
Event: 0.534 Thread 0x000000000007d800 Threw 0x00000000ebb07680 at C:\re\jdk7u71\1605\hotspot\src\share\vm\prims\jvm.cpp:1281
Event: 0.534 Thread 0x000000000007d800 Threw 0x00000000ebb0ac78 at C:\re\jdk7u71\1605\hotspot\src\share\vm\prims\jvm.cpp:1281
Event: 0.535 Thread 0x000000000007d800 Threw 0x00000000ebb0cba8 at C:\re\jdk7u71\1605\hotspot\src\share\vm\prims\jvm.cpp:1281
Event: 0.536 Thread 0x000000000007d800 Threw 0x00000000ebb0fa08 at C:\re\jdk7u71\1605\hotspot\src\share\vm\prims\jvm.cpp:1281
Event: 0.536 Thread 0x000000000007d800 Threw 0x00000000ebb11d78 at C:\re\jdk7u71\1605\hotspot\src\share\vm\prims\jvm.cpp:1281
Event: 0.536 Thread 0x000000000007d800 Threw 0x00000000ebb13660 at C:\re\jdk7u71\1605\hotspot\src\share\vm\prims\jvm.cpp:1281

Events (10 events):
Event: 0.544 loading class 0x00000000098b5780
Event: 0.544 loading class 0x00000000098b5780 done
Event: 0.544 loading class 0x000000000cfafe10
Event: 0.544 loading class 0x00000000098b40c0
Event: 0.544 loading class 0x00000000098b40c0 done
Event: 0.544 loading class 0x000000000cfafe10 done
Event: 0.544 loading class 0x00000000098b4120
Event: 0.544 loading class 0x00000000098b4090
Event: 0.544 loading class 0x00000000098b4090 done
Event: 0.544 loading class 0x00000000098b4120 done


Dynamic libraries:
0x000000013f500000 - 0x000000013f533000 	C:\Program Files\Java\jre7\bin\javaw.exe
0x0000000077430000 - 0x00000000775d9000 	C:\Windows\SYSTEM32\ntdll.dll
0x0000000077310000 - 0x000000007742f000 	C:\Windows\system32\kernel32.dll
0x000007fefd470000 - 0x000007fefd4dc000 	C:\Windows\system32\KERNELBASE.dll
0x000007fefe960000 - 0x000007fefea3b000 	C:\Windows\system32\ADVAPI32.dll
0x000007fefe500000 - 0x000007fefe59f000 	C:\Windows\system32\msvcrt.dll
0x000007feff400000 - 0x000007feff41f000 	C:\Windows\SYSTEM32\sechost.dll
0x000007feff550000 - 0x000007feff67d000 	C:\Windows\system32\RPCRT4.dll
0x0000000077210000 - 0x000000007730a000 	C:\Windows\system32\USER32.dll
0x000007fefd700000 - 0x000007fefd767000 	C:\Windows\system32\GDI32.dll
0x000007feff1a0000 - 0x000007feff1ae000 	C:\Windows\system32\LPK.dll
0x000007fefedb0000 - 0x000007fefee79000 	C:\Windows\system32\USP10.dll
0x000007fefba00000 - 0x000007fefbbf4000 	C:\Windows\WinSxS\amd64_microsoft.windows.common-controls_6595b64144ccf1df_6.0.7601.17514_none_fa396087175ac9ac\COMCTL32.dll
0x000007fefd680000 - 0x000007fefd6f1000 	C:\Windows\system32\SHLWAPI.dll
0x000007fefd650000 - 0x000007fefd67e000 	C:\Windows\system32\IMM32.DLL
0x000007fefee80000 - 0x000007fefef89000 	C:\Windows\system32\MSCTF.dll
0x000000006e580000 - 0x000000006e652000 	C:\Program Files\Java\jre7\bin\msvcr100.dll
0x0000000057b10000 - 0x00000000582e3000 	C:\Program Files\Java\jre7\bin\server\jvm.dll
0x000007feebce0000 - 0x000007feebce9000 	C:\Windows\system32\WSOCK32.dll
0x000007feff420000 - 0x000007feff46d000 	C:\Windows\system32\WS2_32.dll
0x000007fefe5a0000 - 0x000007fefe5a8000 	C:\Windows\system32\NSI.dll
0x000007fef93a0000 - 0x000007fef93db000 	C:\Windows\system32\WINMM.dll
0x00000000775f0000 - 0x00000000775f7000 	C:\Windows\system32\PSAPI.DLL
0x0000000073f40000 - 0x0000000073f4f000 	C:\Program Files\Java\jre7\bin\verify.dll
0x000000006e790000 - 0x000000006e7b8000 	C:\Program Files\Java\jre7\bin\java.dll
0x000000006e7d0000 - 0x000000006e7e5000 	C:\Program Files\Java\jre7\bin\zip.dll
0x0000000180000000 - 0x0000000180053000 	E:\Git\Maya Client\Maya-UI\libs\natives\windows\lwjgl64.dll
0x000007fedc850000 - 0x000007fedc96d000 	C:\Windows\system32\OPENGL32.dll
0x000007fee7bc0000 - 0x000007fee7bed000 	C:\Windows\system32\GLU32.dll
0x000007fedc750000 - 0x000007fedc841000 	C:\Windows\system32\DDRAW.dll
0x000007fef5020000 - 0x000007fef5028000 	C:\Windows\system32\DCIMAN32.dll
0x000007fefea40000 - 0x000007fefec17000 	C:\Windows\system32\SETUPAPI.dll
0x000007fefd210000 - 0x000007fefd246000 	C:\Windows\system32\CFGMGR32.dll
0x000007feff470000 - 0x000007feff547000 	C:\Windows\system32\OLEAUT32.dll
0x000007fefef90000 - 0x000007feff193000 	C:\Windows\system32\ole32.dll
0x000007fefd580000 - 0x000007fefd59a000 	C:\Windows\system32\DEVOBJ.dll
0x000007fefb3b0000 - 0x000007fefb3c8000 	C:\Windows\system32\dwmapi.dll
0x000007fefc2e0000 - 0x000007fefc2ec000 	C:\Windows\system32\VERSION.dll
0x000007fefb820000 - 0x000007fefb876000 	C:\Windows\system32\uxtheme.dll
0x000007fefd090000 - 0x000007fefd09f000 	C:\Windows\system32\CRYPTBASE.dll
0x000007fef4cc0000 - 0x000007fef4cd8000 	C:\Windows\system32\atig6pxx.dll
0x00000000688a0000 - 0x000000006a44e000 	C:\Windows\system32\atio6axx.dll
0x000007fef6f60000 - 0x000007fef7098000 	C:\Windows\system32\atiadlxx.dll
0x000007fefd770000 - 0x000007fefe4f8000 	C:\Windows\system32\SHELL32.dll
0x000007fefb880000 - 0x000007fefb9ac000 	C:\Windows\system32\PROPSYS.dll
0x000007fefd450000 - 0x000007fefd46e000 	C:\Windows\system32\USERENV.dll
0x000007fefd1f0000 - 0x000007fefd1ff000 	C:\Windows\system32\profapi.dll
0x000007fefc2c0000 - 0x000007fefc2d1000 	C:\Windows\system32\WTSAPI32.dll
0x000007fefabe0000 - 0x000007fefac07000 	C:\Windows\system32\IPHLPAPI.DLL
0x000007fefabd0000 - 0x000007fefabdb000 	C:\Windows\system32\WINNSI.DLL
0x000007fefd250000 - 0x000007fefd28a000 	C:\Windows\system32\WINTRUST.dll
0x000007fefd2d0000 - 0x000007fefd43c000 	C:\Windows\system32\CRYPT32.dll
0x000007fefd200000 - 0x000007fefd20f000 	C:\Windows\system32\MSASN1.dll
0x000007fee79f0000 - 0x000007fee7a19000 	C:\Windows\system32\atig6txx.dll
0x000007fee4550000 - 0x000007fee45ec000 	C:\Windows\system32\mscms.dll
0x000007fee44b0000 - 0x000007fee44f2000 	C:\Windows\system32\icm32.dll
0x0000000058940000 - 0x0000000058ad5000 	C:\Program Files\Java\jre7\bin\awt.dll
0x000007fee2420000 - 0x000007fee2545000 	C:\Windows\system32\dbghelp.dll

VM Arguments:
jvm_args: -Djava.library.path=E:\Git\Maya Client\Maya-UI\libs\natives\windows -Dfile.encoding=UTF-8 
java_command: Test
Launcher Type: SUN_STANDARD

Environment Variables:
PATH=E:\Python\Python34\;E:\Python\Python34\Scripts;C:\Windows\system32;C:\Windows;C:\Windows\System32\Wbem;C:\Windows\System32\WindowsPowerShell\v1.0\;C:\Program Files (x86)\AMD\ATI.ACE\Core-Static;C:\Program Files (x86)\Calibre2\;C:\Program Files\Microsoft SQL Server\110\Tools\Binn\;C:\Program Files\Microsoft SQL Server\120\Tools\Binn\;E:\NodeJs\;C:\Program Files (x86)\Skype\Phone\;C:\Windows\system32\config\systemprofile\.dnx\bin;C:\Program Files\Microsoft DNX\Dnvm\;C:\Program Files (x86)\Windows Kits\10\Windows Performance Toolkit\;c:\Users\Stumblinbear\AppData\Local\atom\bin;C:\Users\Stumblinbear\AppData\Local\atom\bin;C:\Users\Stumblinbear\AppData\Roaming\npm
USERNAME=Stumblinbear
OS=Windows_NT
PROCESSOR_IDENTIFIER=Intel64 Family 6 Model 23 Stepping 10, GenuineIntel



---------------  S Y S T E M  ---------------

OS: Windows 7 , 64 bit Build 7601 Service Pack 1

CPU:total 2 (2 cores per cpu, 1 threads per core) family 6 model 23 stepping 10, cmov, cx8, fxsr, mmx, sse, sse2, sse3, ssse3, sse4.1, tsc

Memory: 4k page, physical 4060784k(1029344k free), swap 8119704k(3402980k free)

vm_info: Java HotSpot(TM) 64-Bit Server VM (24.71-b01) for windows-amd64 JRE (1.7.0_71-b14), built on Sep 26 2014 16:16:12 by "java_re" with unknown MS VC++:1600

time: Sat May 23 18:05:09 2015
elapsed time: 0 seconds

